<?xml version="1.0" encoding="UTF-8"?>
<testsuite xmlns:xsi="http://www.w3.org/2001/XMLSchema-instance" xsi:noNamespaceSchemaLocation="https://maven.apache.org/surefire/maven-surefire-plugin/xsd/surefire-test-report.xsd" name="com.palantir.docker.compose.AppTest" time="0.028" tests="1" errors="0" skipped="0" failures="0">
  <properties>
    <property name="sun.desktop" value="gnome"/>
    <property name="awt.toolkit" value="sun.awt.X11.XToolkit"/>
    <property name="file.encoding.pkg" value="sun.io"/>
    <property name="java.specification.version" value="1.8"/>
    <property name="sun.cpu.isalist" value=""/>
    <property name="sun.jnu.encoding" value="UTF-8"/>
    <property name="java.class.path" value="/home/aaron/docker-compose-rule-6.6.6/target/test-classes:/home/aaron/docker-compose-rule-6.6.6/target/classes:/home/aaron/.m2/repository/com/github/stefanbirkner/system-rules/1.16.1/system-rules-1.16.1.jar:/home/aaron/.m2/repository/com/google/code/findbugs/jsr305/3.0.0/jsr305-3.0.0.jar:/home/aaron/.m2/repository/org/eclipse/jetty/jetty-server/9.2.8.v20150217/jetty-server-9.2.8.v20150217.jar:/home/aaron/.m2/repository/javax/servlet/javax.servlet-api/3.1.0/javax.servlet-api-3.1.0.jar:/home/aaron/.m2/repository/org/eclipse/jetty/jetty-http/9.2.8.v20150217/jetty-http-9.2.8.v20150217.jar:/home/aaron/.m2/repository/org/eclipse/jetty/jetty-util/9.2.8.v20150217/jetty-util-9.2.8.v20150217.jar:/home/aaron/.m2/repository/org/eclipse/jetty/jetty-io/9.2.8.v20150217/jetty-io-9.2.8.v20150217.jar:/home/aaron/.m2/repository/org/eclipse/jetty/jetty-servlet/9.2.8.v20150217/jetty-servlet-9.2.8.v20150217.jar:/home/aaron/.m2/repository/org/eclipse/jetty/jetty-security/9.2.8.v20150217/jetty-security-9.2.8.v20150217.jar:/home/aaron/.m2/repository/org/eclipse/jetty/jetty-webapp/9.2.8.v20150217/jetty-webapp-9.2.8.v20150217.jar:/home/aaron/.m2/repository/org/eclipse/jetty/jetty-xml/9.2.8.v20150217/jetty-xml-9.2.8.v20150217.jar:/home/aaron/.m2/repository/com/fasterxml/jackson/core/jackson-core/2.6.1/jackson-core-2.6.1.jar:/home/aaron/.m2/repository/com/fasterxml/jackson/core/jackson-annotations/2.6.1/jackson-annotations-2.6.1.jar:/home/aaron/.m2/repository/com/fasterxml/jackson/core/jackson-databind/2.6.1/jackson-databind-2.6.1.jar:/home/aaron/.m2/repository/org/apache/httpcomponents/httpclient/4.5/httpclient-4.5.jar:/home/aaron/.m2/repository/org/apache/httpcomponents/httpcore/4.4.1/httpcore-4.4.1.jar:/home/aaron/.m2/repository/commons-logging/commons-logging/1.2/commons-logging-1.2.jar:/home/aaron/.m2/repository/commons-codec/commons-codec/1.9/commons-codec-1.9.jar:/home/aaron/.m2/repository/org/skyscreamer/jsonassert/1.2.3/jsonassert-1.2.3.jar:/home/aaron/.m2/repository/org/json/json/20090211/json-20090211.jar:/home/aaron/.m2/repository/xmlunit/xmlunit/1.6/xmlunit-1.6.jar:/home/aaron/.m2/repository/com/jayway/jsonpath/json-path/2.0.0/json-path-2.0.0.jar:/home/aaron/.m2/repository/net/minidev/json-smart/2.1.1/json-smart-2.1.1.jar:/home/aaron/.m2/repository/net/minidev/asm/1.0.2/asm-1.0.2.jar:/home/aaron/.m2/repository/asm/asm/3.3.1/asm-3.3.1.jar:/home/aaron/.m2/repository/net/sf/jopt-simple/jopt-simple/4.9/jopt-simple-4.9.jar:/home/aaron/.m2/repository/org/mockito/mockito-core/1.9.5/mockito-core-1.9.5.jar:/home/aaron/.m2/repository/org/hamcrest/hamcrest-core/1.1/hamcrest-core-1.1.jar:/home/aaron/.m2/repository/org/objenesis/objenesis/1.0/objenesis-1.0.jar:/home/aaron/.m2/repository/org/hamcrest/hamcrest-all/1.3/hamcrest-all-1.3.jar:/home/aaron/.m2/repository/org/apache/logging/log4j/log4j-slf4j-impl/2.4/log4j-slf4j-impl-2.4.jar:/home/aaron/.m2/repository/org/apache/logging/log4j/log4j-api/2.4/log4j-api-2.4.jar:/home/aaron/.m2/repository/org/slf4j/slf4j-api/1.7.12/slf4j-api-1.7.12.jar:/home/aaron/.m2/repository/org/apache/logging/log4j/log4j-core/2.4/log4j-core-2.4.jar:/home/aaron/.m2/repository/org/slf4j/slf4j-log4j12/1.7.12/slf4j-log4j12-1.7.12.jar:/home/aaron/.m2/repository/log4j/log4j/1.2.17/log4j-1.2.17.jar:/home/aaron/.m2/repository/com/jayway/awaitility/awaitility/1.6.5/awaitility-1.6.5.jar:/home/aaron/.m2/repository/org/hamcrest/hamcrest-library/1.3/hamcrest-library-1.3.jar:/home/aaron/.m2/repository/cglib/cglib-nodep/3.1/cglib-nodep-3.1.jar:/home/aaron/.m2/repository/junit/junit/4.12/junit-4.12.jar:/home/aaron/.m2/repository/com/github/zafarkhaja/java-semver/0.9.0/java-semver-0.9.0.jar:/home/aaron/.m2/repository/joda-time/joda-time/2.9.1/joda-time-2.9.1.jar:/home/aaron/.m2/repository/com/google/guava/guava/18.0/guava-18.0.jar:/home/aaron/.m2/repository/commons-io/commons-io/2.4/commons-io-2.4.jar:/home/aaron/.m2/repository/org/apache/commons/commons-lang3/3.3/commons-lang3-3.3.jar:/home/aaron/.m2/repository/org/immutables/value/2.1.14/value-2.1.14.jar:"/>
    <property name="java.vm.vendor" value="Private Build"/>
    <property name="sun.arch.data.model" value="64"/>
    <property name="java.vendor.url" value="http://java.oracle.com/"/>
    <property name="user.timezone" value=""/>
    <property name="java.vm.specification.version" value="1.8"/>
    <property name="os.name" value="Linux"/>
    <property name="user.country" value="US"/>
    <property name="sun.java.launcher" value="SUN_STANDARD"/>
    <property name="sun.boot.library.path" value="/usr/lib/jvm/java-8-openjdk-amd64/jre/lib/amd64"/>
    <property name="sun.java.command" value="/home/aaron/docker-compose-rule-6.6.6/target/surefire/surefirebooter7413214857074444687.jar /home/aaron/docker-compose-rule-6.6.6/target/surefire 2022-07-14T14-46-03_275-jvmRun1 surefire5328060297044603517tmp surefire_08119442646906044882tmp"/>
    <property name="surefire.test.class.path" value="/home/aaron/docker-compose-rule-6.6.6/target/test-classes:/home/aaron/docker-compose-rule-6.6.6/target/classes:/home/aaron/.m2/repository/com/github/stefanbirkner/system-rules/1.16.1/system-rules-1.16.1.jar:/home/aaron/.m2/repository/com/google/code/findbugs/jsr305/3.0.0/jsr305-3.0.0.jar:/home/aaron/.m2/repository/org/eclipse/jetty/jetty-server/9.2.8.v20150217/jetty-server-9.2.8.v20150217.jar:/home/aaron/.m2/repository/javax/servlet/javax.servlet-api/3.1.0/javax.servlet-api-3.1.0.jar:/home/aaron/.m2/repository/org/eclipse/jetty/jetty-http/9.2.8.v20150217/jetty-http-9.2.8.v20150217.jar:/home/aaron/.m2/repository/org/eclipse/jetty/jetty-util/9.2.8.v20150217/jetty-util-9.2.8.v20150217.jar:/home/aaron/.m2/repository/org/eclipse/jetty/jetty-io/9.2.8.v20150217/jetty-io-9.2.8.v20150217.jar:/home/aaron/.m2/repository/org/eclipse/jetty/jetty-servlet/9.2.8.v20150217/jetty-servlet-9.2.8.v20150217.jar:/home/aaron/.m2/repository/org/eclipse/jetty/jetty-security/9.2.8.v20150217/jetty-security-9.2.8.v20150217.jar:/home/aaron/.m2/repository/org/eclipse/jetty/jetty-webapp/9.2.8.v20150217/jetty-webapp-9.2.8.v20150217.jar:/home/aaron/.m2/repository/org/eclipse/jetty/jetty-xml/9.2.8.v20150217/jetty-xml-9.2.8.v20150217.jar:/home/aaron/.m2/repository/com/fasterxml/jackson/core/jackson-core/2.6.1/jackson-core-2.6.1.jar:/home/aaron/.m2/repository/com/fasterxml/jackson/core/jackson-annotations/2.6.1/jackson-annotations-2.6.1.jar:/home/aaron/.m2/repository/com/fasterxml/jackson/core/jackson-databind/2.6.1/jackson-databind-2.6.1.jar:/home/aaron/.m2/repository/org/apache/httpcomponents/httpclient/4.5/httpclient-4.5.jar:/home/aaron/.m2/repository/org/apache/httpcomponents/httpcore/4.4.1/httpcore-4.4.1.jar:/home/aaron/.m2/repository/commons-logging/commons-logging/1.2/commons-logging-1.2.jar:/home/aaron/.m2/repository/commons-codec/commons-codec/1.9/commons-codec-1.9.jar:/home/aaron/.m2/repository/org/skyscreamer/jsonassert/1.2.3/jsonassert-1.2.3.jar:/home/aaron/.m2/repository/org/json/json/20090211/json-20090211.jar:/home/aaron/.m2/repository/xmlunit/xmlunit/1.6/xmlunit-1.6.jar:/home/aaron/.m2/repository/com/jayway/jsonpath/json-path/2.0.0/json-path-2.0.0.jar:/home/aaron/.m2/repository/net/minidev/json-smart/2.1.1/json-smart-2.1.1.jar:/home/aaron/.m2/repository/net/minidev/asm/1.0.2/asm-1.0.2.jar:/home/aaron/.m2/repository/asm/asm/3.3.1/asm-3.3.1.jar:/home/aaron/.m2/repository/net/sf/jopt-simple/jopt-simple/4.9/jopt-simple-4.9.jar:/home/aaron/.m2/repository/org/mockito/mockito-core/1.9.5/mockito-core-1.9.5.jar:/home/aaron/.m2/repository/org/hamcrest/hamcrest-core/1.1/hamcrest-core-1.1.jar:/home/aaron/.m2/repository/org/objenesis/objenesis/1.0/objenesis-1.0.jar:/home/aaron/.m2/repository/org/hamcrest/hamcrest-all/1.3/hamcrest-all-1.3.jar:/home/aaron/.m2/repository/org/apache/logging/log4j/log4j-slf4j-impl/2.4/log4j-slf4j-impl-2.4.jar:/home/aaron/.m2/repository/org/apache/logging/log4j/log4j-api/2.4/log4j-api-2.4.jar:/home/aaron/.m2/repository/org/slf4j/slf4j-api/1.7.12/slf4j-api-1.7.12.jar:/home/aaron/.m2/repository/org/apache/logging/log4j/log4j-core/2.4/log4j-core-2.4.jar:/home/aaron/.m2/repository/org/slf4j/slf4j-log4j12/1.7.12/slf4j-log4j12-1.7.12.jar:/home/aaron/.m2/repository/log4j/log4j/1.2.17/log4j-1.2.17.jar:/home/aaron/.m2/repository/com/jayway/awaitility/awaitility/1.6.5/awaitility-1.6.5.jar:/home/aaron/.m2/repository/org/hamcrest/hamcrest-library/1.3/hamcrest-library-1.3.jar:/home/aaron/.m2/repository/cglib/cglib-nodep/3.1/cglib-nodep-3.1.jar:/home/aaron/.m2/repository/junit/junit/4.12/junit-4.12.jar:/home/aaron/.m2/repository/com/github/zafarkhaja/java-semver/0.9.0/java-semver-0.9.0.jar:/home/aaron/.m2/repository/joda-time/joda-time/2.9.1/joda-time-2.9.1.jar:/home/aaron/.m2/repository/com/google/guava/guava/18.0/guava-18.0.jar:/home/aaron/.m2/repository/commons-io/commons-io/2.4/commons-io-2.4.jar:/home/aaron/.m2/repository/org/apache/commons/commons-lang3/3.3/commons-lang3-3.3.jar:/home/aaron/.m2/repository/org/immutables/value/2.1.14/value-2.1.14.jar:"/>
    <property name="sun.cpu.endian" value="little"/>
    <property name="user.home" value="/home/aaron"/>
    <property name="user.language" value="en"/>
    <property name="java.specification.vendor" value="Oracle Corporation"/>
    <property name="java.home" value="/usr/lib/jvm/java-8-openjdk-amd64/jre"/>
    <property name="basedir" value="/home/aaron/docker-compose-rule-6.6.6"/>
    <property name="file.separator" value="/"/>
    <property name="line.separator" value="&#10;"/>
    <property name="java.vm.specification.vendor" value="Oracle Corporation"/>
    <property name="java.specification.name" value="Java Platform API Specification"/>
    <property name="java.awt.graphicsenv" value="sun.awt.X11GraphicsEnvironment"/>
    <property name="surefire.real.class.path" value="/home/aaron/docker-compose-rule-6.6.6/target/surefire/surefirebooter7413214857074444687.jar"/>
    <property name="sun.boot.class.path" value="/usr/lib/jvm/java-8-openjdk-amd64/jre/lib/resources.jar:/usr/lib/jvm/java-8-openjdk-amd64/jre/lib/rt.jar:/usr/lib/jvm/java-8-openjdk-amd64/jre/lib/sunrsasign.jar:/usr/lib/jvm/java-8-openjdk-amd64/jre/lib/jsse.jar:/usr/lib/jvm/java-8-openjdk-amd64/jre/lib/jce.jar:/usr/lib/jvm/java-8-openjdk-amd64/jre/lib/charsets.jar:/usr/lib/jvm/java-8-openjdk-amd64/jre/lib/jfr.jar:/usr/lib/jvm/java-8-openjdk-amd64/jre/classes"/>
    <property name="sun.management.compiler" value="HotSpot 64-Bit Tiered Compilers"/>
    <property name="java.runtime.version" value="1.8.0_312-8u312-b07-0ubuntu1~20.04-b07"/>
    <property name="user.name" value="aaron"/>
    <property name="path.separator" value=":"/>
    <property name="os.version" value="5.15.0-41-generic"/>
    <property name="java.endorsed.dirs" value="/usr/lib/jvm/java-8-openjdk-amd64/jre/lib/endorsed"/>
    <property name="java.runtime.name" value="OpenJDK Runtime Environment"/>
    <property name="file.encoding" value="UTF-8"/>
    <property name="java.vm.name" value="OpenJDK 64-Bit Server VM"/>
    <property name="localRepository" value="/home/aaron/.m2/repository"/>
    <property name="java.vendor.url.bug" value="http://bugreport.sun.com/bugreport/"/>
    <property name="java.io.tmpdir" value="/tmp"/>
    <property name="java.version" value="1.8.0_312"/>
    <property name="user.dir" value="/home/aaron/docker-compose-rule-6.6.6"/>
    <property name="os.arch" value="amd64"/>
    <property name="java.vm.specification.name" value="Java Virtual Machine Specification"/>
    <property name="java.awt.printerjob" value="sun.print.PSPrinterJob"/>
    <property name="sun.os.patch.level" value="unknown"/>
    <property name="java.library.path" value="/usr/java/packages/lib/amd64:/usr/lib/x86_64-linux-gnu/jni:/lib/x86_64-linux-gnu:/usr/lib/x86_64-linux-gnu:/usr/lib/jni:/lib:/usr/lib"/>
    <property name="idea.version2019.1.4" value="true"/>
    <property name="java.vm.info" value="mixed mode"/>
    <property name="java.vendor" value="Private Build"/>
    <property name="java.vm.version" value="25.312-b07"/>
    <property name="java.ext.dirs" value="/usr/lib/jvm/java-8-openjdk-amd64/jre/lib/ext:/usr/java/packages/lib/ext"/>
    <property name="sun.io.unicode.encoding" value="UnicodeLittle"/>
    <property name="java.class.version" value="52.0"/>
  </properties>
  <testcase name="shouldAnswerWithTrue" classname="com.palantir.docker.compose.AppTest" time="0.001"/>
</testsuite>